1649369934042:send fish
1649369956201:send gavno
1649369999947:send efmkler
1649370013920:send 1
1649370019609:send 0111
1649370897493:send fd
1649370901200:send 1
1649372144364:send input
1649372194573:send lerjv
1649372265112:send pefojvpoefv
1649374851749:send lerkv
1649374858811:create eklwmf
1649374942126:create ekrmvlerkm
1649375003688:create erb;r
1649375034450:create rbrb
1649375060867:create trhbtnr
1649382364844:xmlEx testing
1649382397766:xml testing
1649382453674:xml
1649382460293:xml testing
1649382536040:xml
1649382557040:xml testing
1649385292334:create fuck
1649385352392:create
1649385355516:create f
1649385370696:create fb
1649385516919:create   br
1649385631353:crate gfb
1649385635207:create gbf
1649385835742:create g
1649385937073:create gb
1649386180356:create g
1649386295581:create
1649386350989:showWells rasul
1649386387408:show wells rasul
1649386414781:show rasul
1649386511557:create
1649386911814:create g
1649387280334:create
1649387333174:show rasul
1649387946024:create anton
1649387986632:show anton
1649388014938:export PROSHUTEBYA_GOSPODI
1649388048999:export a
1649388236555:export kaky
1649388431016:export a
1649388458644:export d
1649388541629:export a
1649388857498:show tututu
1649388873666:show ,,,
1649388929233:show yuyuyuuyyuuy
1649389050892:show oooioiooi
1649389056464:show rasul
1649389061015:show anton
1649389073441:show rasul, anton
1649389080552:show rasul,anton
